0 info it worked if it ends with ok
1 verbose cli [ '/usr/bin/nodejs',
1 verbose cli   '/usr/local/bin/npm',
1 verbose cli   'install',
1 verbose cli   'hubot',
1 verbose cli   'hubot-scripts',
1 verbose cli   'hubot-diagnostics',
1 verbose cli   'hubot-help',
1 verbose cli   'hubot-heroku-keepalive',
1 verbose cli   'hubot-google-images',
1 verbose cli   'hubot-google-translate',
1 verbose cli   'hubot-pugme',
1 verbose cli   'hubot-maps',
1 verbose cli   'hubot-redis-brain',
1 verbose cli   'hubot-rules',
1 verbose cli   'hubot-shipit',
1 verbose cli   '--save' ]
2 info using npm@3.9.2
3 info using node@v4.4.4
4 silly loadCurrentTree Starting
5 silly install loadCurrentTree
6 silly install readLocalPackageData
7 silly fetchPackageMetaData hubot
8 silly fetchPackageMetaData hubot-scripts
9 silly fetchPackageMetaData hubot-diagnostics
10 silly fetchPackageMetaData hubot-help
11 silly fetchPackageMetaData hubot-heroku-keepalive
12 silly fetchPackageMetaData hubot-google-images
13 silly fetchPackageMetaData hubot-google-translate
14 silly fetchPackageMetaData hubot-pugme
15 silly fetchPackageMetaData hubot-maps
16 silly fetchPackageMetaData hubot-redis-brain
17 silly fetchPackageMetaData hubot-rules
18 silly fetchPackageMetaData hubot-shipit
19 silly fetchNamedPackageData hubot
20 silly mapToRegistry name hubot
21 silly mapToRegistry using default registry
22 silly mapToRegistry registry https://registry.npmjs.org/
23 silly mapToRegistry data Result {
23 silly mapToRegistry   raw: 'hubot',
23 silly mapToRegistry   scope: null,
23 silly mapToRegistry   name: 'hubot',
23 silly mapToRegistry   rawSpec: '',
23 silly mapToRegistry   spec: 'latest',
23 silly mapToRegistry   type: 'tag' }
24 silly mapToRegistry uri https://registry.npmjs.org/hubot
25 silly fetchNamedPackageData hubot-scripts
26 silly mapToRegistry name hubot-scripts
27 silly mapToRegistry using default registry
28 silly mapToRegistry registry https://registry.npmjs.org/
29 silly mapToRegistry data Result {
29 silly mapToRegistry   raw: 'hubot-scripts',
29 silly mapToRegistry   scope: null,
29 silly mapToRegistry   name: 'hubot-scripts',
29 silly mapToRegistry   rawSpec: '',
29 silly mapToRegistry   spec: 'latest',
29 silly mapToRegistry   type: 'tag' }
30 silly mapToRegistry uri https://registry.npmjs.org/hubot-scripts
31 silly fetchNamedPackageData hubot-diagnostics
32 silly mapToRegistry name hubot-diagnostics
33 silly mapToRegistry using default registry
34 silly mapToRegistry registry https://registry.npmjs.org/
35 silly mapToRegistry data Result {
35 silly mapToRegistry   raw: 'hubot-diagnostics',
35 silly mapToRegistry   scope: null,
35 silly mapToRegistry   name: 'hubot-diagnostics',
35 silly mapToRegistry   rawSpec: '',
35 silly mapToRegistry   spec: 'latest',
35 silly mapToRegistry   type: 'tag' }
36 silly mapToRegistry uri https://registry.npmjs.org/hubot-diagnostics
37 silly fetchNamedPackageData hubot-help
38 silly mapToRegistry name hubot-help
39 silly mapToRegistry using default registry
40 silly mapToRegistry registry https://registry.npmjs.org/
41 silly mapToRegistry data Result {
41 silly mapToRegistry   raw: 'hubot-help',
41 silly mapToRegistry   scope: null,
41 silly mapToRegistry   name: 'hubot-help',
41 silly mapToRegistry   rawSpec: '',
41 silly mapToRegistry   spec: 'latest',
41 silly mapToRegistry   type: 'tag' }
42 silly mapToRegistry uri https://registry.npmjs.org/hubot-help
43 silly fetchNamedPackageData hubot-heroku-keepalive
44 silly mapToRegistry name hubot-heroku-keepalive
45 silly mapToRegistry using default registry
46 silly mapToRegistry registry https://registry.npmjs.org/
47 silly mapToRegistry data Result {
47 silly mapToRegistry   raw: 'hubot-heroku-keepalive',
47 silly mapToRegistry   scope: null,
47 silly mapToRegistry   name: 'hubot-heroku-keepalive',
47 silly mapToRegistry   rawSpec: '',
47 silly mapToRegistry   spec: 'latest',
47 silly mapToRegistry   type: 'tag' }
48 silly mapToRegistry uri https://registry.npmjs.org/hubot-heroku-keepalive
49 silly fetchNamedPackageData hubot-google-images
50 silly mapToRegistry name hubot-google-images
51 silly mapToRegistry using default registry
52 silly mapToRegistry registry https://registry.npmjs.org/
53 silly mapToRegistry data Result {
53 silly mapToRegistry   raw: 'hubot-google-images',
53 silly mapToRegistry   scope: null,
53 silly mapToRegistry   name: 'hubot-google-images',
53 silly mapToRegistry   rawSpec: '',
53 silly mapToRegistry   spec: 'latest',
53 silly mapToRegistry   type: 'tag' }
54 silly mapToRegistry uri https://registry.npmjs.org/hubot-google-images
55 silly fetchNamedPackageData hubot-google-translate
56 silly mapToRegistry name hubot-google-translate
57 silly mapToRegistry using default registry
58 silly mapToRegistry registry https://registry.npmjs.org/
59 silly mapToRegistry data Result {
59 silly mapToRegistry   raw: 'hubot-google-translate',
59 silly mapToRegistry   scope: null,
59 silly mapToRegistry   name: 'hubot-google-translate',
59 silly mapToRegistry   rawSpec: '',
59 silly mapToRegistry   spec: 'latest',
59 silly mapToRegistry   type: 'tag' }
60 silly mapToRegistry uri https://registry.npmjs.org/hubot-google-translate
61 silly fetchNamedPackageData hubot-pugme
62 silly mapToRegistry name hubot-pugme
63 silly mapToRegistry using default registry
64 silly mapToRegistry registry https://registry.npmjs.org/
65 silly mapToRegistry data Result {
65 silly mapToRegistry   raw: 'hubot-pugme',
65 silly mapToRegistry   scope: null,
65 silly mapToRegistry   name: 'hubot-pugme',
65 silly mapToRegistry   rawSpec: '',
65 silly mapToRegistry   spec: 'latest',
65 silly mapToRegistry   type: 'tag' }
66 silly mapToRegistry uri https://registry.npmjs.org/hubot-pugme
67 silly fetchNamedPackageData hubot-maps
68 silly mapToRegistry name hubot-maps
69 silly mapToRegistry using default registry
70 silly mapToRegistry registry https://registry.npmjs.org/
71 silly mapToRegistry data Result {
71 silly mapToRegistry   raw: 'hubot-maps',
71 silly mapToRegistry   scope: null,
71 silly mapToRegistry   name: 'hubot-maps',
71 silly mapToRegistry   rawSpec: '',
71 silly mapToRegistry   spec: 'latest',
71 silly mapToRegistry   type: 'tag' }
72 silly mapToRegistry uri https://registry.npmjs.org/hubot-maps
73 silly fetchNamedPackageData hubot-redis-brain
74 silly mapToRegistry name hubot-redis-brain
75 silly mapToRegistry using default registry
76 silly mapToRegistry registry https://registry.npmjs.org/
77 silly mapToRegistry data Result {
77 silly mapToRegistry   raw: 'hubot-redis-brain',
77 silly mapToRegistry   scope: null,
77 silly mapToRegistry   name: 'hubot-redis-brain',
77 silly mapToRegistry   rawSpec: '',
77 silly mapToRegistry   spec: 'latest',
77 silly mapToRegistry   type: 'tag' }
78 silly mapToRegistry uri https://registry.npmjs.org/hubot-redis-brain
79 silly fetchNamedPackageData hubot-rules
80 silly mapToRegistry name hubot-rules
81 silly mapToRegistry using default registry
82 silly mapToRegistry registry https://registry.npmjs.org/
83 silly mapToRegistry data Result {
83 silly mapToRegistry   raw: 'hubot-rules',
83 silly mapToRegistry   scope: null,
83 silly mapToRegistry   name: 'hubot-rules',
83 silly mapToRegistry   rawSpec: '',
83 silly mapToRegistry   spec: 'latest',
83 silly mapToRegistry   type: 'tag' }
84 silly mapToRegistry uri https://registry.npmjs.org/hubot-rules
85 silly fetchNamedPackageData hubot-shipit
86 silly mapToRegistry name hubot-shipit
87 silly mapToRegistry using default registry
88 silly mapToRegistry registry https://registry.npmjs.org/
89 silly mapToRegistry data Result {
89 silly mapToRegistry   raw: 'hubot-shipit',
89 silly mapToRegistry   scope: null,
89 silly mapToRegistry   name: 'hubot-shipit',
89 silly mapToRegistry   rawSpec: '',
89 silly mapToRegistry   spec: 'latest',
89 silly mapToRegistry   type: 'tag' }
90 silly mapToRegistry uri https://registry.npmjs.org/hubot-shipit
91 verbose request uri https://registry.npmjs.org/hubot
92 verbose request no auth needed
93 info attempt registry request try #1 at 5:21:48 PM
94 verbose request id 9b61d7401c4a47aa
95 http request GET https://registry.npmjs.org/hubot
96 verbose request uri https://registry.npmjs.org/hubot-scripts
97 verbose request no auth needed
98 info attempt registry request try #1 at 5:21:49 PM
99 http request GET https://registry.npmjs.org/hubot-scripts
100 verbose request uri https://registry.npmjs.org/hubot-diagnostics
101 verbose request no auth needed
102 info attempt registry request try #1 at 5:21:49 PM
103 http request GET https://registry.npmjs.org/hubot-diagnostics
104 verbose request uri https://registry.npmjs.org/hubot-help
105 verbose request no auth needed
106 info attempt registry request try #1 at 5:21:49 PM
107 http request GET https://registry.npmjs.org/hubot-help
108 verbose request uri https://registry.npmjs.org/hubot-heroku-keepalive
109 verbose request no auth needed
110 info attempt registry request try #1 at 5:21:49 PM
111 http request GET https://registry.npmjs.org/hubot-heroku-keepalive
112 verbose request uri https://registry.npmjs.org/hubot-google-images
113 verbose request no auth needed
114 info attempt registry request try #1 at 5:21:49 PM
115 http request GET https://registry.npmjs.org/hubot-google-images
116 verbose request uri https://registry.npmjs.org/hubot-google-translate
117 verbose request no auth needed
118 info attempt registry request try #1 at 5:21:49 PM
119 http request GET https://registry.npmjs.org/hubot-google-translate
120 verbose request uri https://registry.npmjs.org/hubot-pugme
121 verbose request no auth needed
122 info attempt registry request try #1 at 5:21:49 PM
123 http request GET https://registry.npmjs.org/hubot-pugme
124 verbose request uri https://registry.npmjs.org/hubot-maps
125 verbose request no auth needed
126 info attempt registry request try #1 at 5:21:49 PM
127 http request GET https://registry.npmjs.org/hubot-maps
128 verbose request uri https://registry.npmjs.org/hubot-redis-brain
129 verbose request no auth needed
130 info attempt registry request try #1 at 5:21:49 PM
131 http request GET https://registry.npmjs.org/hubot-redis-brain
132 verbose request uri https://registry.npmjs.org/hubot-rules
133 verbose request no auth needed
134 info attempt registry request try #1 at 5:21:49 PM
135 http request GET https://registry.npmjs.org/hubot-rules
136 verbose request uri https://registry.npmjs.org/hubot-shipit
137 verbose request no auth needed
138 info attempt registry request try #1 at 5:21:49 PM
139 http request GET https://registry.npmjs.org/hubot-shipit
140 http 200 https://registry.npmjs.org/hubot-scripts
141 verbose headers { server: 'CouchDB/1.5.0 (Erlang OTP/R16B03)',
141 verbose headers   etag: '"DQCJNBIB1RN66IQR4ZBKWQP52"',
141 verbose headers   'content-type': 'application/json',
141 verbose headers   'content-encoding': 'gzip',
141 verbose headers   'cache-control': 'max-age=300',
141 verbose headers   'content-length': '8706',
141 verbose headers   'accept-ranges': 'bytes',
141 verbose headers   date: 'Mon, 23 May 2016 17:21:50 GMT',
141 verbose headers   via: '1.1 varnish',
141 verbose headers   age: '0',
141 verbose headers   connection: 'keep-alive',
141 verbose headers   'x-served-by': 'cache-ord1744-ORD',
141 verbose headers   'x-cache': 'HIT',
141 verbose headers   'x-cache-hits': '1',
141 verbose headers   'x-timer': 'S1464024110.389619,VS0,VE31',
141 verbose headers   vary: 'Accept-Encoding' }
142 silly get cb [ 200,
142 silly get   { server: 'CouchDB/1.5.0 (Erlang OTP/R16B03)',
142 silly get     etag: '"DQCJNBIB1RN66IQR4ZBKWQP52"',
142 silly get     'content-type': 'application/json',
142 silly get     'content-encoding': 'gzip',
142 silly get     'cache-control': 'max-age=300',
142 silly get     'content-length': '8706',
142 silly get     'accept-ranges': 'bytes',
142 silly get     date: 'Mon, 23 May 2016 17:21:50 GMT',
142 silly get     via: '1.1 varnish',
142 silly get     age: '0',
142 silly get     connection: 'keep-alive',
142 silly get     'x-served-by': 'cache-ord1744-ORD',
142 silly get     'x-cache': 'HIT',
142 silly get     'x-cache-hits': '1',
142 silly get     'x-timer': 'S1464024110.389619,VS0,VE31',
142 silly get     vary: 'Accept-Encoding' } ]
143 verbose get saving hubot-scripts to /mnt/c/Users/t-behawk/.npm/registry.npmjs.org/hubot-scripts/.cache.json
144 verbose correctMkdir /mnt/c/Users/t-behawk/.npm correctMkdir not in flight; initializing
145 http 200 https://registry.npmjs.org/hubot-diagnostics
146 verbose headers { server: 'CouchDB/1.5.0 (Erlang OTP/R16B03)',
146 verbose headers   etag: '"106XAJRQ3U3QEUCO9KTFI2EDN"',
146 verbose headers   'content-type': 'application/json',
146 verbose headers   'content-encoding': 'gzip',
146 verbose headers   'cache-control': 'max-age=300',
146 verbose headers   'content-length': '1005',
146 verbose headers   'accept-ranges': 'bytes',
146 verbose headers   date: 'Mon, 23 May 2016 17:21:50 GMT',
146 verbose headers   via: '1.1 varnish',
146 verbose headers   age: '0',
146 verbose headers   connection: 'keep-alive',
146 verbose headers   'x-served-by': 'cache-ord1735-ORD',
146 verbose headers   'x-cache': 'MISS',
146 verbose headers   'x-cache-hits': '0',
146 verbose headers   'x-timer': 'S1464024110.389384,VS0,VE84',
146 verbose headers   vary: 'Accept-Encoding' }
147 silly get cb [ 200,
147 silly get   { server: 'CouchDB/1.5.0 (Erlang OTP/R16B03)',
147 silly get     etag: '"106XAJRQ3U3QEUCO9KTFI2EDN"',
147 silly get     'content-type': 'application/json',
147 silly get     'content-encoding': 'gzip',
147 silly get     'cache-control': 'max-age=300',
147 silly get     'content-length': '1005',
147 silly get     'accept-ranges': 'bytes',
147 silly get     date: 'Mon, 23 May 2016 17:21:50 GMT',
147 silly get     via: '1.1 varnish',
147 silly get     age: '0',
147 silly get     connection: 'keep-alive',
147 silly get     'x-served-by': 'cache-ord1735-ORD',
147 silly get     'x-cache': 'MISS',
147 silly get     'x-cache-hits': '0',
147 silly get     'x-timer': 'S1464024110.389384,VS0,VE84',
147 silly get     vary: 'Accept-Encoding' } ]
148 verbose get saving hubot-diagnostics to /mnt/c/Users/t-behawk/.npm/registry.npmjs.org/hubot-diagnostics/.cache.json
149 verbose correctMkdir /mnt/c/Users/t-behawk/.npm correctMkdir already in flight; waiting
150 http 200 https://registry.npmjs.org/hubot-heroku-keepalive
151 verbose headers { server: 'CouchDB/1.5.0 (Erlang OTP/R16B03)',
151 verbose headers   etag: '"8NR4W09OH3QYSTI17CGZSEF3W"',
151 verbose headers   'content-type': 'application/json',
151 verbose headers   'content-encoding': 'gzip',
151 verbose headers   'cache-control': 'max-age=300',
151 verbose headers   'content-length': '3393',
151 verbose headers   'accept-ranges': 'bytes',
151 verbose headers   date: 'Mon, 23 May 2016 17:21:50 GMT',
151 verbose headers   via: '1.1 varnish',
151 verbose headers   age: '0',
151 verbose headers   connection: 'keep-alive',
151 verbose headers   'x-served-by': 'cache-ord1740-ORD',
151 verbose headers   'x-cache': 'MISS',
151 verbose headers   'x-cache-hits': '0',
151 verbose headers   'x-timer': 'S1464024110.453564,VS0,VE32',
151 verbose headers   vary: 'Accept-Encoding' }
152 silly get cb [ 200,
152 silly get   { server: 'CouchDB/1.5.0 (Erlang OTP/R16B03)',
152 silly get     etag: '"8NR4W09OH3QYSTI17CGZSEF3W"',
152 silly get     'content-type': 'application/json',
152 silly get     'content-encoding': 'gzip',
152 silly get     'cache-control': 'max-age=300',
152 silly get     'content-length': '3393',
152 silly get     'accept-ranges': 'bytes',
152 silly get     date: 'Mon, 23 May 2016 17:21:50 GMT',
152 silly get     via: '1.1 varnish',
152 silly get     age: '0',
152 silly get     connection: 'keep-alive',
152 silly get     'x-served-by': 'cache-ord1740-ORD',
152 silly get     'x-cache': 'MISS',
152 silly get     'x-cache-hits': '0',
152 silly get     'x-timer': 'S1464024110.453564,VS0,VE32',
152 silly get     vary: 'Accept-Encoding' } ]
153 verbose get saving hubot-heroku-keepalive to /mnt/c/Users/t-behawk/.npm/registry.npmjs.org/hubot-heroku-keepalive/.cache.json
154 verbose correctMkdir /mnt/c/Users/t-behawk/.npm correctMkdir already in flight; waiting
155 http 200 https://registry.npmjs.org/hubot-redis-brain
156 verbose headers { server: 'CouchDB/1.5.0 (Erlang OTP/R16B03)',
156 verbose headers   etag: '"A09HRQQWT6V5UGFY47JCUP9UQ"',
156 verbose headers   'content-type': 'application/json',
156 verbose headers   'content-encoding': 'gzip',
156 verbose headers   'cache-control': 'max-age=300',
156 verbose headers   'content-length': '1948',
156 verbose headers   'accept-ranges': 'bytes',
156 verbose headers   date: 'Mon, 23 May 2016 17:21:50 GMT',
156 verbose headers   via: '1.1 varnish',
156 verbose headers   age: '0',
156 verbose headers   connection: 'keep-alive',
156 verbose headers   'x-served-by': 'cache-ord1742-ORD',
156 verbose headers   'x-cache': 'MISS',
156 verbose headers   'x-cache-hits': '0',
156 verbose headers   'x-timer': 'S1464024110.457577,VS0,VE32',
156 verbose headers   vary: 'Accept-Encoding' }
157 silly get cb [ 200,
157 silly get   { server: 'CouchDB/1.5.0 (Erlang OTP/R16B03)',
157 silly get     etag: '"A09HRQQWT6V5UGFY47JCUP9UQ"',
157 silly get     'content-type': 'application/json',
157 silly get     'content-encoding': 'gzip',
157 silly get     'cache-control': 'max-age=300',
157 silly get     'content-length': '1948',
157 silly get     'accept-ranges': 'bytes',
157 silly get     date: 'Mon, 23 May 2016 17:21:50 GMT',
157 silly get     via: '1.1 varnish',
157 silly get     age: '0',
157 silly get     connection: 'keep-alive',
157 silly get     'x-served-by': 'cache-ord1742-ORD',
157 silly get     'x-cache': 'MISS',
157 silly get     'x-cache-hits': '0',
157 silly get     'x-timer': 'S1464024110.457577,VS0,VE32',
157 silly get     vary: 'Accept-Encoding' } ]
158 verbose get saving hubot-redis-brain to /mnt/c/Users/t-behawk/.npm/registry.npmjs.org/hubot-redis-brain/.cache.json
159 verbose correctMkdir /mnt/c/Users/t-behawk/.npm correctMkdir already in flight; waiting
160 http 200 https://registry.npmjs.org/hubot-help
161 verbose headers { server: 'CouchDB/1.5.0 (Erlang OTP/R16B03)',
161 verbose headers   etag: '"8F98EZKGK8VZ6W6AT4JDV0RR7"',
161 verbose headers   'content-type': 'application/json',
161 verbose headers   'content-encoding': 'gzip',
161 verbose headers   'cache-control': 'max-age=300',
161 verbose headers   'content-length': '1668',
161 verbose headers   'accept-ranges': 'bytes',
161 verbose headers   date: 'Mon, 23 May 2016 17:21:50 GMT',
161 verbose headers   via: '1.1 varnish',
161 verbose headers   age: '0',
161 verbose headers   connection: 'keep-alive',
161 verbose headers   'x-served-by': 'cache-ord1742-ORD',
161 verbose headers   'x-cache': 'HIT',
161 verbose headers   'x-cache-hits': '1',
161 verbose headers   'x-timer': 'S1464024110.461344,VS0,VE84',
161 verbose headers   vary: 'Accept-Encoding' }
162 silly get cb [ 200,
162 silly get   { server: 'CouchDB/1.5.0 (Erlang OTP/R16B03)',
162 silly get     etag: '"8F98EZKGK8VZ6W6AT4JDV0RR7"',
162 silly get     'content-type': 'application/json',
162 silly get     'content-encoding': 'gzip',
162 silly get     'cache-control': 'max-age=300',
162 silly get     'content-length': '1668',
162 silly get     'accept-ranges': 'bytes',
162 silly get     date: 'Mon, 23 May 2016 17:21:50 GMT',
162 silly get     via: '1.1 varnish',
162 silly get     age: '0',
162 silly get     connection: 'keep-alive',
162 silly get     'x-served-by': 'cache-ord1742-ORD',
162 silly get     'x-cache': 'HIT',
162 silly get     'x-cache-hits': '1',
162 silly get     'x-timer': 'S1464024110.461344,VS0,VE84',
162 silly get     vary: 'Accept-Encoding' } ]
163 verbose get saving hubot-help to /mnt/c/Users/t-behawk/.npm/registry.npmjs.org/hubot-help/.cache.json
164 verbose correctMkdir /mnt/c/Users/t-behawk/.npm correctMkdir already in flight; waiting
165 http 200 https://registry.npmjs.org/hubot-google-translate
166 verbose headers { server: 'CouchDB/1.5.0 (Erlang OTP/R16B03)',
166 verbose headers   etag: '"1AI1GKUOV2AZHP1ZPKKXLOR1H"',
166 verbose headers   'content-type': 'application/json',
166 verbose headers   'content-encoding': 'gzip',
166 verbose headers   'cache-control': 'max-age=300',
166 verbose headers   'content-length': '1304',
166 verbose headers   'accept-ranges': 'bytes',
166 verbose headers   date: 'Mon, 23 May 2016 17:21:50 GMT',
166 verbose headers   via: '1.1 varnish',
166 verbose headers   age: '0',
166 verbose headers   connection: 'keep-alive',
166 verbose headers   'x-served-by': 'cache-ord1742-ORD',
166 verbose headers   'x-cache': 'HIT',
166 verbose headers   'x-cache-hits': '1',
166 verbose headers   'x-timer': 'S1464024110.470098,VS0,VE31',
166 verbose headers   vary: 'Accept-Encoding' }
167 silly get cb [ 200,
167 silly get   { server: 'CouchDB/1.5.0 (Erlang OTP/R16B03)',
167 silly get     etag: '"1AI1GKUOV2AZHP1ZPKKXLOR1H"',
167 silly get     'content-type': 'application/json',
167 silly get     'content-encoding': 'gzip',
167 silly get     'cache-control': 'max-age=300',
167 silly get     'content-length': '1304',
167 silly get     'accept-ranges': 'bytes',
167 silly get     date: 'Mon, 23 May 2016 17:21:50 GMT',
167 silly get     via: '1.1 varnish',
167 silly get     age: '0',
167 silly get     connection: 'keep-alive',
167 silly get     'x-served-by': 'cache-ord1742-ORD',
167 silly get     'x-cache': 'HIT',
167 silly get     'x-cache-hits': '1',
167 silly get     'x-timer': 'S1464024110.470098,VS0,VE31',
167 silly get     vary: 'Accept-Encoding' } ]
168 verbose get saving hubot-google-translate to /mnt/c/Users/t-behawk/.npm/registry.npmjs.org/hubot-google-translate/.cache.json
169 verbose correctMkdir /mnt/c/Users/t-behawk/.npm correctMkdir already in flight; waiting
170 http 200 https://registry.npmjs.org/hubot-shipit
171 verbose headers { server: 'CouchDB/1.5.0 (Erlang OTP/R16B03)',
171 verbose headers   etag: '"EU09ZMXYKIL2EKWKNBMGJJ7OU"',
171 verbose headers   'content-type': 'application/json',
171 verbose headers   'content-encoding': 'gzip',
171 verbose headers   'cache-control': 'max-age=300',
171 verbose headers   'content-length': '1490',
171 verbose headers   'accept-ranges': 'bytes',
171 verbose headers   date: 'Mon, 23 May 2016 17:21:50 GMT',
171 verbose headers   via: '1.1 varnish',
171 verbose headers   age: '0',
171 verbose headers   connection: 'keep-alive',
171 verbose headers   'x-served-by': 'cache-ord1726-ORD',
171 verbose headers   'x-cache': 'HIT',
171 verbose headers   'x-cache-hits': '1',
171 verbose headers   'x-timer': 'S1464024110.442247,VS0,VE129',
171 verbose headers   vary: 'Accept-Encoding' }
172 silly get cb [ 200,
172 silly get   { server: 'CouchDB/1.5.0 (Erlang OTP/R16B03)',
172 silly get     etag: '"EU09ZMXYKIL2EKWKNBMGJJ7OU"',
172 silly get     'content-type': 'application/json',
172 silly get     'content-encoding': 'gzip',
172 silly get     'cache-control': 'max-age=300',
172 silly get     'content-length': '1490',
172 silly get     'accept-ranges': 'bytes',
172 silly get     date: 'Mon, 23 May 2016 17:21:50 GMT',
172 silly get     via: '1.1 varnish',
172 silly get     age: '0',
172 silly get     connection: 'keep-alive',
172 silly get     'x-served-by': 'cache-ord1726-ORD',
172 silly get     'x-cache': 'HIT',
172 silly get     'x-cache-hits': '1',
172 silly get     'x-timer': 'S1464024110.442247,VS0,VE129',
172 silly get     vary: 'Accept-Encoding' } ]
173 verbose get saving hubot-shipit to /mnt/c/Users/t-behawk/.npm/registry.npmjs.org/hubot-shipit/.cache.json
174 verbose correctMkdir /mnt/c/Users/t-behawk/.npm correctMkdir already in flight; waiting
175 http 200 https://registry.npmjs.org/hubot-pugme
176 verbose headers { server: 'CouchDB/1.5.0 (Erlang OTP/R16B03)',
176 verbose headers   etag: '"EEKN1R8NSDUC4HZXWND71MDFM"',
176 verbose headers   'content-type': 'application/json',
176 verbose headers   'content-encoding': 'gzip',
176 verbose headers   'cache-control': 'max-age=300',
176 verbose headers   'content-length': '1138',
176 verbose headers   'accept-ranges': 'bytes',
176 verbose headers   date: 'Mon, 23 May 2016 17:21:50 GMT',
176 verbose headers   via: '1.1 varnish',
176 verbose headers   age: '0',
176 verbose headers   connection: 'keep-alive',
176 verbose headers   'x-served-by': 'cache-ord1733-ORD',
176 verbose headers   'x-cache': 'HIT',
176 verbose headers   'x-cache-hits': '1',
176 verbose headers   'x-timer': 'S1464024110.465906,VS0,VE91',
176 verbose headers   vary: 'Accept-Encoding' }
177 silly get cb [ 200,
177 silly get   { server: 'CouchDB/1.5.0 (Erlang OTP/R16B03)',
177 silly get     etag: '"EEKN1R8NSDUC4HZXWND71MDFM"',
177 silly get     'content-type': 'application/json',
177 silly get     'content-encoding': 'gzip',
177 silly get     'cache-control': 'max-age=300',
177 silly get     'content-length': '1138',
177 silly get     'accept-ranges': 'bytes',
177 silly get     date: 'Mon, 23 May 2016 17:21:50 GMT',
177 silly get     via: '1.1 varnish',
177 silly get     age: '0',
177 silly get     connection: 'keep-alive',
177 silly get     'x-served-by': 'cache-ord1733-ORD',
177 silly get     'x-cache': 'HIT',
177 silly get     'x-cache-hits': '1',
177 silly get     'x-timer': 'S1464024110.465906,VS0,VE91',
177 silly get     vary: 'Accept-Encoding' } ]
178 verbose get saving hubot-pugme to /mnt/c/Users/t-behawk/.npm/registry.npmjs.org/hubot-pugme/.cache.json
179 verbose correctMkdir /mnt/c/Users/t-behawk/.npm correctMkdir already in flight; waiting
180 http 200 https://registry.npmjs.org/hubot-google-images
181 verbose headers { server: 'CouchDB/1.5.0 (Erlang OTP/R16B03)',
181 verbose headers   etag: '"6E7ETP2NY8LT9RQFJYU3DBPNF"',
181 verbose headers   'content-type': 'application/json',
181 verbose headers   'content-encoding': 'gzip',
181 verbose headers   'cache-control': 'max-age=300',
181 verbose headers   'content-length': '3792',
181 verbose headers   'accept-ranges': 'bytes',
181 verbose headers   date: 'Mon, 23 May 2016 17:21:50 GMT',
181 verbose headers   via: '1.1 varnish',
181 verbose headers   age: '0',
181 verbose headers   connection: 'keep-alive',
181 verbose headers   'x-served-by': 'cache-ord1738-ORD',
181 verbose headers   'x-cache': 'HIT',
181 verbose headers   'x-cache-hits': '1',
181 verbose headers   'x-timer': 'S1464024110.451764,VS0,VE83',
181 verbose headers   vary: 'Accept-Encoding' }
182 silly get cb [ 200,
182 silly get   { server: 'CouchDB/1.5.0 (Erlang OTP/R16B03)',
182 silly get     etag: '"6E7ETP2NY8LT9RQFJYU3DBPNF"',
182 silly get     'content-type': 'application/json',
182 silly get     'content-encoding': 'gzip',
182 silly get     'cache-control': 'max-age=300',
182 silly get     'content-length': '3792',
182 silly get     'accept-ranges': 'bytes',
182 silly get     date: 'Mon, 23 May 2016 17:21:50 GMT',
182 silly get     via: '1.1 varnish',
182 silly get     age: '0',
182 silly get     connection: 'keep-alive',
182 silly get     'x-served-by': 'cache-ord1738-ORD',
182 silly get     'x-cache': 'HIT',
182 silly get     'x-cache-hits': '1',
182 silly get     'x-timer': 'S1464024110.451764,VS0,VE83',
182 silly get     vary: 'Accept-Encoding' } ]
183 verbose get saving hubot-google-images to /mnt/c/Users/t-behawk/.npm/registry.npmjs.org/hubot-google-images/.cache.json
184 verbose correctMkdir /mnt/c/Users/t-behawk/.npm correctMkdir already in flight; waiting
185 http 200 https://registry.npmjs.org/hubot-rules
186 verbose headers { server: 'CouchDB/1.5.0 (Erlang OTP/R16B03)',
186 verbose headers   etag: '"BMPTBVMMPVBT70MAM9AGAPBP9"',
186 verbose headers   'content-type': 'application/json',
186 verbose headers   'content-encoding': 'gzip',
186 verbose headers   'cache-control': 'max-age=300',
186 verbose headers   'content-length': '1443',
186 verbose headers   'accept-ranges': 'bytes',
186 verbose headers   date: 'Mon, 23 May 2016 17:21:50 GMT',
186 verbose headers   via: '1.1 varnish',
186 verbose headers   age: '0',
186 verbose headers   connection: 'keep-alive',
186 verbose headers   'x-served-by': 'cache-ord1746-ORD',
186 verbose headers   'x-cache': 'MISS',
186 verbose headers   'x-cache-hits': '0',
186 verbose headers   'x-timer': 'S1464024110.453690,VS0,VE347',
186 verbose headers   vary: 'Accept-Encoding' }
187 silly get cb [ 200,
187 silly get   { server: 'CouchDB/1.5.0 (Erlang OTP/R16B03)',
187 silly get     etag: '"BMPTBVMMPVBT70MAM9AGAPBP9"',
187 silly get     'content-type': 'application/json',
187 silly get     'content-encoding': 'gzip',
187 silly get     'cache-control': 'max-age=300',
187 silly get     'content-length': '1443',
187 silly get     'accept-ranges': 'bytes',
187 silly get     date: 'Mon, 23 May 2016 17:21:50 GMT',
187 silly get     via: '1.1 varnish',
187 silly get     age: '0',
187 silly get     connection: 'keep-alive',
187 silly get     'x-served-by': 'cache-ord1746-ORD',
187 silly get     'x-cache': 'MISS',
187 silly get     'x-cache-hits': '0',
187 silly get     'x-timer': 'S1464024110.453690,VS0,VE347',
187 silly get     vary: 'Accept-Encoding' } ]
188 verbose get saving hubot-rules to /mnt/c/Users/t-behawk/.npm/registry.npmjs.org/hubot-rules/.cache.json
189 verbose correctMkdir /mnt/c/Users/t-behawk/.npm correctMkdir already in flight; waiting
190 http 200 https://registry.npmjs.org/hubot-maps
191 verbose headers { server: 'CouchDB/1.5.0 (Erlang OTP/R16B03)',
191 verbose headers   etag: '"6IHH2K69FPEROF9F42PVBQ035"',
191 verbose headers   'content-type': 'application/json',
191 verbose headers   'content-encoding': 'gzip',
191 verbose headers   'cache-control': 'max-age=300',
191 verbose headers   'content-length': '1313',
191 verbose headers   'accept-ranges': 'bytes',
191 verbose headers   date: 'Mon, 23 May 2016 17:21:50 GMT',
191 verbose headers   via: '1.1 varnish',
191 verbose headers   age: '0',
191 verbose headers   connection: 'keep-alive',
191 verbose headers   'x-served-by': 'cache-ord1727-ORD',
191 verbose headers   'x-cache': 'HIT',
191 verbose headers   'x-cache-hits': '1',
191 verbose headers   'x-timer': 'S1464024110.461595,VS0,VE344',
191 verbose headers   vary: 'Accept-Encoding' }
192 silly get cb [ 200,
192 silly get   { server: 'CouchDB/1.5.0 (Erlang OTP/R16B03)',
192 silly get     etag: '"6IHH2K69FPEROF9F42PVBQ035"',
192 silly get     'content-type': 'application/json',
192 silly get     'content-encoding': 'gzip',
192 silly get     'cache-control': 'max-age=300',
192 silly get     'content-length': '1313',
192 silly get     'accept-ranges': 'bytes',
192 silly get     date: 'Mon, 23 May 2016 17:21:50 GMT',
192 silly get     via: '1.1 varnish',
192 silly get     age: '0',
192 silly get     connection: 'keep-alive',
192 silly get     'x-served-by': 'cache-ord1727-ORD',
192 silly get     'x-cache': 'HIT',
192 silly get     'x-cache-hits': '1',
192 silly get     'x-timer': 'S1464024110.461595,VS0,VE344',
192 silly get     vary: 'Accept-Encoding' } ]
193 verbose get saving hubot-maps to /mnt/c/Users/t-behawk/.npm/registry.npmjs.org/hubot-maps/.cache.json
194 verbose correctMkdir /mnt/c/Users/t-behawk/.npm correctMkdir already in flight; waiting
195 http 200 https://registry.npmjs.org/hubot
196 verbose headers { server: 'CouchDB/1.5.0 (Erlang OTP/R16B03)',
196 verbose headers   etag: '"EETQNG55R9C7ES546NZEFV00T"',
196 verbose headers   'content-type': 'application/json',
196 verbose headers   'content-encoding': 'gzip',
196 verbose headers   'cache-control': 'max-age=300',
196 verbose headers   'content-length': '10925',
196 verbose headers   'accept-ranges': 'bytes',
196 verbose headers   date: 'Mon, 23 May 2016 17:21:50 GMT',
196 verbose headers   via: '1.1 varnish',
196 verbose headers   age: '0',
196 verbose headers   connection: 'keep-alive',
196 verbose headers   'x-served-by': 'cache-ord1745-ORD',
196 verbose headers   'x-cache': 'HIT',
196 verbose headers   'x-cache-hits': '1',
196 verbose headers   'x-timer': 'S1464024110.406475,VS0,VE340',
196 verbose headers   vary: 'Accept-Encoding' }
197 silly get cb [ 200,
197 silly get   { server: 'CouchDB/1.5.0 (Erlang OTP/R16B03)',
197 silly get     etag: '"EETQNG55R9C7ES546NZEFV00T"',
197 silly get     'content-type': 'application/json',
197 silly get     'content-encoding': 'gzip',
197 silly get     'cache-control': 'max-age=300',
197 silly get     'content-length': '10925',
197 silly get     'accept-ranges': 'bytes',
197 silly get     date: 'Mon, 23 May 2016 17:21:50 GMT',
197 silly get     via: '1.1 varnish',
197 silly get     age: '0',
197 silly get     connection: 'keep-alive',
197 silly get     'x-served-by': 'cache-ord1745-ORD',
197 silly get     'x-cache': 'HIT',
197 silly get     'x-cache-hits': '1',
197 silly get     'x-timer': 'S1464024110.406475,VS0,VE340',
197 silly get     vary: 'Accept-Encoding' } ]
198 verbose get saving hubot to /mnt/c/Users/t-behawk/.npm/registry.npmjs.org/hubot/.cache.json
199 verbose correctMkdir /mnt/c/Users/t-behawk/.npm correctMkdir already in flight; waiting
200 silly install normalizeTree
201 silly loadCurrentTree Finishing
202 silly loadIdealTree Starting
203 silly install loadIdealTree
204 silly cloneCurrentTree Starting
205 silly install cloneCurrentTreeToIdealTree
206 silly cloneCurrentTree Finishing
207 silly loadShrinkwrap Starting
208 silly install loadShrinkwrap
209 silly loadShrinkwrap Finishing
210 silly loadAllDepsIntoIdealTree Starting
211 silly install loadAllDepsIntoIdealTree
212 silly resolveWithNewModule hubot-google-translate@0.2.0 checking installable status
213 silly cache add args [ 'hubot-google-translate', null ]
214 verbose cache add spec hubot-google-translate
215 silly resolveWithNewModule hubot@2.19.0 checking installable status
216 silly cache add args [ 'hubot', null ]
217 verbose cache add spec hubot
218 silly resolveWithNewModule hubot-scripts@2.17.2 checking installable status
219 silly cache add args [ 'hubot-scripts', null ]
220 verbose cache add spec hubot-scripts
221 silly resolveWithNewModule hubot-diagnostics@0.0.1 checking installable status
222 silly cache add args [ 'hubot-diagnostics', null ]
223 verbose cache add spec hubot-diagnostics
224 silly resolveWithNewModule hubot-google-images@0.2.6 checking installable status
225 silly cache add args [ 'hubot-google-images', null ]
226 verbose cache add spec hubot-google-images
227 silly resolveWithNewModule hubot-help@0.2.0 checking installable status
228 silly cache add args [ 'hubot-help', null ]
229 verbose cache add spec hubot-help
230 silly resolveWithNewModule hubot-maps@0.0.2 checking installable status
231 silly cache add args [ 'hubot-maps', null ]
232 verbose cache add spec hubot-maps
233 silly resolveWithNewModule hubot-redis-brain@0.0.3 checking installable status
234 silly cache add args [ 'hubot-redis-brain', null ]
235 verbose cache add spec hubot-redis-brain
236 silly resolveWithNewModule hubot-shipit@0.2.0 checking installable status
237 silly cache add args [ 'hubot-shipit', null ]
238 verbose cache add spec hubot-shipit
239 silly resolveWithNewModule hubot-pugme@0.1.0 checking installable status
240 silly cache add args [ 'hubot-pugme', null ]
241 verbose cache add spec hubot-pugme
242 silly resolveWithNewModule hubot-heroku-keepalive@1.0.2 checking installable status
243 silly cache add args [ 'hubot-heroku-keepalive', null ]
244 verbose cache add spec hubot-heroku-keepalive
245 silly resolveWithNewModule hubot-rules@0.1.1 checking installable status
246 silly cache add args [ 'hubot-rules', null ]
247 verbose cache add spec hubot-rules
248 silly cache add parsed spec Result {
248 silly cache add   raw: 'hubot-google-translate',
248 silly cache add   scope: null,
248 silly cache add   name: 'hubot-google-translate',
248 silly cache add   rawSpec: '',
248 silly cache add   spec: 'latest',
248 silly cache add   type: 'tag' }
249 silly addNamed hubot-google-translate@latest
250 verbose addNamed "latest" is being treated as a dist-tag for hubot-google-translate
251 info addNameTag [ 'hubot-google-translate', 'latest' ]
252 silly mapToRegistry name hubot-google-translate
253 silly mapToRegistry using default registry
254 silly mapToRegistry registry https://registry.npmjs.org/
255 silly mapToRegistry data Result {
255 silly mapToRegistry   raw: 'hubot-google-translate',
255 silly mapToRegistry   scope: null,
255 silly mapToRegistry   name: 'hubot-google-translate',
255 silly mapToRegistry   rawSpec: '',
255 silly mapToRegistry   spec: 'latest',
255 silly mapToRegistry   type: 'tag' }
256 silly mapToRegistry uri https://registry.npmjs.org/hubot-google-translate
257 verbose addNameTag registry:https://registry.npmjs.org/hubot-google-translate not in flight; fetching
258 silly cache add parsed spec Result {
258 silly cache add   raw: 'hubot',
258 silly cache add   scope: null,
258 silly cache add   name: 'hubot',
258 silly cache add   rawSpec: '',
258 silly cache add   spec: 'latest',
258 silly cache add   type: 'tag' }
259 silly addNamed hubot@latest
260 verbose addNamed "latest" is being treated as a dist-tag for hubot
261 info addNameTag [ 'hubot', 'latest' ]
262 silly mapToRegistry name hubot
263 silly mapToRegistry using default registry
264 silly mapToRegistry registry https://registry.npmjs.org/
265 silly mapToRegistry data Result {
265 silly mapToRegistry   raw: 'hubot',
265 silly mapToRegistry   scope: null,
265 silly mapToRegistry   name: 'hubot',
265 silly mapToRegistry   rawSpec: '',
265 silly mapToRegistry   spec: 'latest',
265 silly mapToRegistry   type: 'tag' }
266 silly mapToRegistry uri https://registry.npmjs.org/hubot
267 verbose addNameTag registry:https://registry.npmjs.org/hubot not in flight; fetching
268 silly cache add parsed spec Result {
268 silly cache add   raw: 'hubot-scripts',
268 silly cache add   scope: null,
268 silly cache add   name: 'hubot-scripts',
268 silly cache add   rawSpec: '',
268 silly cache add   spec: 'latest',
268 silly cache add   type: 'tag' }
269 silly addNamed hubot-scripts@latest
270 verbose addNamed "latest" is being treated as a dist-tag for hubot-scripts
271 info addNameTag [ 'hubot-scripts', 'latest' ]
272 silly mapToRegistry name hubot-scripts
273 silly mapToRegistry using default registry
274 silly mapToRegistry registry https://registry.npmjs.org/
275 silly mapToRegistry data Result {
275 silly mapToRegistry   raw: 'hubot-scripts',
275 silly mapToRegistry   scope: null,
275 silly mapToRegistry   name: 'hubot-scripts',
275 silly mapToRegistry   rawSpec: '',
275 silly mapToRegistry   spec: 'latest',
275 silly mapToRegistry   type: 'tag' }
276 silly mapToRegistry uri https://registry.npmjs.org/hubot-scripts
277 verbose addNameTag registry:https://registry.npmjs.org/hubot-scripts not in flight; fetching
278 silly cache add parsed spec Result {
278 silly cache add   raw: 'hubot-diagnostics',
278 silly cache add   scope: null,
278 silly cache add   name: 'hubot-diagnostics',
278 silly cache add   rawSpec: '',
278 silly cache add   spec: 'latest',
278 silly cache add   type: 'tag' }
279 silly addNamed hubot-diagnostics@latest
280 verbose addNamed "latest" is being treated as a dist-tag for hubot-diagnostics
281 info addNameTag [ 'hubot-diagnostics', 'latest' ]
282 silly mapToRegistry name hubot-diagnostics
283 silly mapToRegistry using default registry
284 silly mapToRegistry registry https://registry.npmjs.org/
285 silly mapToRegistry data Result {
285 silly mapToRegistry   raw: 'hubot-diagnostics',
285 silly mapToRegistry   scope: null,
285 silly mapToRegistry   name: 'hubot-diagnostics',
285 silly mapToRegistry   rawSpec: '',
285 silly mapToRegistry   spec: 'latest',
285 silly mapToRegistry   type: 'tag' }
286 silly mapToRegistry uri https://registry.npmjs.org/hubot-diagnostics
287 verbose addNameTag registry:https://registry.npmjs.org/hubot-diagnostics not in flight; fetching
288 silly cache add parsed spec Result {
288 silly cache add   raw: 'hubot-google-images',
288 silly cache add   scope: null,
288 silly cache add   name: 'hubot-google-images',
288 silly cache add   rawSpec: '',
288 silly cache add   spec: 'latest',
288 silly cache add   type: 'tag' }
289 silly addNamed hubot-google-images@latest
290 verbose addNamed "latest" is being treated as a dist-tag for hubot-google-images
291 info addNameTag [ 'hubot-google-images', 'latest' ]
292 silly mapToRegistry name hubot-google-images
293 silly mapToRegistry using default registry
294 silly mapToRegistry registry https://registry.npmjs.org/
295 silly mapToRegistry data Result {
295 silly mapToRegistry   raw: 'hubot-google-images',
295 silly mapToRegistry   scope: null,
295 silly mapToRegistry   name: 'hubot-google-images',
295 silly mapToRegistry   rawSpec: '',
295 silly mapToRegistry   spec: 'latest',
295 silly mapToRegistry   type: 'tag' }
296 silly mapToRegistry uri https://registry.npmjs.org/hubot-google-images
297 verbose addNameTag registry:https://registry.npmjs.org/hubot-google-images not in flight; fetching
298 silly cache add parsed spec Result {
298 silly cache add   raw: 'hubot-help',
298 silly cache add   scope: null,
298 silly cache add   name: 'hubot-help',
298 silly cache add   rawSpec: '',
298 silly cache add   spec: 'latest',
298 silly cache add   type: 'tag' }
299 silly addNamed hubot-help@latest
300 verbose addNamed "latest" is being treated as a dist-tag for hubot-help
301 info addNameTag [ 'hubot-help', 'latest' ]
302 silly mapToRegistry name hubot-help
303 silly mapToRegistry using default registry
304 silly mapToRegistry registry https://registry.npmjs.org/
305 silly mapToRegistry data Result {
305 silly mapToRegistry   raw: 'hubot-help',
305 silly mapToRegistry   scope: null,
305 silly mapToRegistry   name: 'hubot-help',
305 silly mapToRegistry   rawSpec: '',
305 silly mapToRegistry   spec: 'latest',
305 silly mapToRegistry   type: 'tag' }
306 silly mapToRegistry uri https://registry.npmjs.org/hubot-help
307 verbose addNameTag registry:https://registry.npmjs.org/hubot-help not in flight; fetching
308 silly cache add parsed spec Result {
308 silly cache add   raw: 'hubot-maps',
308 silly cache add   scope: null,
308 silly cache add   name: 'hubot-maps',
308 silly cache add   rawSpec: '',
308 silly cache add   spec: 'latest',
308 silly cache add   type: 'tag' }
309 silly addNamed hubot-maps@latest
310 verbose addNamed "latest" is being treated as a dist-tag for hubot-maps
311 info addNameTag [ 'hubot-maps', 'latest' ]
312 silly mapToRegistry name hubot-maps
313 silly mapToRegistry using default registry
314 silly mapToRegistry registry https://registry.npmjs.org/
315 silly mapToRegistry data Result {
315 silly mapToRegistry   raw: 'hubot-maps',
315 silly mapToRegistry   scope: null,
315 silly mapToRegistry   name: 'hubot-maps',
315 silly mapToRegistry   rawSpec: '',
315 silly mapToRegistry   spec: 'latest',
315 silly mapToRegistry   type: 'tag' }
316 silly mapToRegistry uri https://registry.npmjs.org/hubot-maps
317 verbose addNameTag registry:https://registry.npmjs.org/hubot-maps not in flight; fetching
318 silly cache add parsed spec Result {
318 silly cache add   raw: 'hubot-redis-brain',
318 silly cache add   scope: null,
318 silly cache add   name: 'hubot-redis-brain',
318 silly cache add   rawSpec: '',
318 silly cache add   spec: 'latest',
318 silly cache add   type: 'tag' }
319 silly addNamed hubot-redis-brain@latest
320 verbose addNamed "latest" is being treated as a dist-tag for hubot-redis-brain
321 info addNameTag [ 'hubot-redis-brain', 'latest' ]
322 silly mapToRegistry name hubot-redis-brain
323 silly mapToRegistry using default registry
324 silly mapToRegistry registry https://registry.npmjs.org/
325 silly mapToRegistry data Result {
325 silly mapToRegistry   raw: 'hubot-redis-brain',
325 silly mapToRegistry   scope: null,
325 silly mapToRegistry   name: 'hubot-redis-brain',
325 silly mapToRegistry   rawSpec: '',
325 silly mapToRegistry   spec: 'latest',
325 silly mapToRegistry   type: 'tag' }
326 silly mapToRegistry uri https://registry.npmjs.org/hubot-redis-brain
327 verbose addNameTag registry:https://registry.npmjs.org/hubot-redis-brain not in flight; fetching
328 silly cache add parsed spec Result {
328 silly cache add   raw: 'hubot-shipit',
328 silly cache add   scope: null,
328 silly cache add   name: 'hubot-shipit',
328 silly cache add   rawSpec: '',
328 silly cache add   spec: 'latest',
328 silly cache add   type: 'tag' }
329 silly addNamed hubot-shipit@latest
330 verbose addNamed "latest" is being treated as a dist-tag for hubot-shipit
331 info addNameTag [ 'hubot-shipit', 'latest' ]
332 silly mapToRegistry name hubot-shipit
333 silly mapToRegistry using default registry
334 silly mapToRegistry registry https://registry.npmjs.org/
335 silly mapToRegistry data Result {
335 silly mapToRegistry   raw: 'hubot-shipit',
335 silly mapToRegistry   scope: null,
335 silly mapToRegistry   name: 'hubot-shipit',
335 silly mapToRegistry   rawSpec: '',
335 silly mapToRegistry   spec: 'latest',
335 silly mapToRegistry   type: 'tag' }
336 silly mapToRegistry uri https://registry.npmjs.org/hubot-shipit
337 verbose addNameTag registry:https://registry.npmjs.org/hubot-shipit not in flight; fetching
338 silly cache add parsed spec Result {
338 silly cache add   raw: 'hubot-pugme',
338 silly cache add   scope: null,
338 silly cache add   name: 'hubot-pugme',
338 silly cache add   rawSpec: '',
338 silly cache add   spec: 'latest',
338 silly cache add   type: 'tag' }
339 silly addNamed hubot-pugme@latest
340 verbose addNamed "latest" is being treated as a dist-tag for hubot-pugme
341 info addNameTag [ 'hubot-pugme', 'latest' ]
342 silly mapToRegistry name hubot-pugme
343 silly mapToRegistry using default registry
344 silly mapToRegistry registry https://registry.npmjs.org/
345 silly mapToRegistry data Result {
345 silly mapToRegistry   raw: 'hubot-pugme',
345 silly mapToRegistry   scope: null,
345 silly mapToRegistry   name: 'hubot-pugme',
345 silly mapToRegistry   rawSpec: '',
345 silly mapToRegistry   spec: 'latest',
345 silly mapToRegistry   type: 'tag' }
346 silly mapToRegistry uri https://registry.npmjs.org/hubot-pugme
347 verbose addNameTag registry:https://registry.npmjs.org/hubot-pugme not in flight; fetching
348 silly cache add parsed spec Result {
348 silly cache add   raw: 'hubot-heroku-keepalive',
348 silly cache add   scope: null,
348 silly cache add   name: 'hubot-heroku-keepalive',
348 silly cache add   rawSpec: '',
348 silly cache add   spec: 'latest',
348 silly cache add   type: 'tag' }
349 silly addNamed hubot-heroku-keepalive@latest
350 verbose addNamed "latest" is being treated as a dist-tag for hubot-heroku-keepalive
351 info addNameTag [ 'hubot-heroku-keepalive', 'latest' ]
352 silly mapToRegistry name hubot-heroku-keepalive
353 silly mapToRegistry using default registry
354 silly mapToRegistry registry https://registry.npmjs.org/
355 silly mapToRegistry data Result {
355 silly mapToRegistry   raw: 'hubot-heroku-keepalive',
355 silly mapToRegistry   scope: null,
355 silly mapToRegistry   name: 'hubot-heroku-keepalive',
355 silly mapToRegistry   rawSpec: '',
355 silly mapToRegistry   spec: 'latest',
355 silly mapToRegistry   type: 'tag' }
356 silly mapToRegistry uri https://registry.npmjs.org/hubot-heroku-keepalive
357 verbose addNameTag registry:https://registry.npmjs.org/hubot-heroku-keepalive not in flight; fetching
358 silly cache add parsed spec Result {
358 silly cache add   raw: 'hubot-rules',
358 silly cache add   scope: null,
358 silly cache add   name: 'hubot-rules',
358 silly cache add   rawSpec: '',
358 silly cache add   spec: 'latest',
358 silly cache add   type: 'tag' }
359 silly addNamed hubot-rules@latest
360 verbose addNamed "latest" is being treated as a dist-tag for hubot-rules
361 info addNameTag [ 'hubot-rules', 'latest' ]
362 silly mapToRegistry name hubot-rules
363 silly mapToRegistry using default registry
364 silly mapToRegistry registry https://registry.npmjs.org/
365 silly mapToRegistry data Result {
365 silly mapToRegistry   raw: 'hubot-rules',
365 silly mapToRegistry   scope: null,
365 silly mapToRegistry   name: 'hubot-rules',
365 silly mapToRegistry   rawSpec: '',
365 silly mapToRegistry   spec: 'latest',
365 silly mapToRegistry   type: 'tag' }
366 silly mapToRegistry uri https://registry.npmjs.org/hubot-rules
367 verbose addNameTag registry:https://registry.npmjs.org/hubot-rules not in flight; fetching
368 verbose get https://registry.npmjs.org/hubot-google-translate not expired, no request
369 silly addNameTag next cb for hubot-google-translate with tag latest
370 silly addNamed hubot-google-translate@0.2.0
371 verbose addNamed "0.2.0" is a plain semver version for hubot-google-translate
372 verbose get https://registry.npmjs.org/hubot-scripts not expired, no request
373 silly addNameTag next cb for hubot-scripts with tag latest
374 silly addNamed hubot-scripts@2.17.2
375 verbose addNamed "2.17.2" is a plain semver version for hubot-scripts
376 verbose get https://registry.npmjs.org/hubot-google-images not expired, no request
377 silly addNameTag next cb for hubot-google-images with tag latest
378 silly addNamed hubot-google-images@0.2.6
379 verbose addNamed "0.2.6" is a plain semver version for hubot-google-images
380 verbose get https://registry.npmjs.org/hubot not expired, no request
381 silly addNameTag next cb for hubot with tag latest
382 silly addNamed hubot@2.19.0
383 verbose addNamed "2.19.0" is a plain semver version for hubot
384 verbose get https://registry.npmjs.org/hubot-help not expired, no request
385 silly addNameTag next cb for hubot-help with tag latest
386 silly addNamed hubot-help@0.2.0
387 verbose addNamed "0.2.0" is a plain semver version for hubot-help
388 verbose get https://registry.npmjs.org/hubot-redis-brain not expired, no request
389 silly addNameTag next cb for hubot-redis-brain with tag latest
390 silly addNamed hubot-redis-brain@0.0.3
391 verbose addNamed "0.0.3" is a plain semver version for hubot-redis-brain
392 verbose get https://registry.npmjs.org/hubot-shipit not expired, no request
393 silly addNameTag next cb for hubot-shipit with tag latest
394 silly addNamed hubot-shipit@0.2.0
395 verbose addNamed "0.2.0" is a plain semver version for hubot-shipit
396 verbose get https://registry.npmjs.org/hubot-maps not expired, no request
397 silly addNameTag next cb for hubot-maps with tag latest
398 silly addNamed hubot-maps@0.0.2
399 verbose addNamed "0.0.2" is a plain semver version for hubot-maps
400 verbose get https://registry.npmjs.org/hubot-diagnostics not expired, no request
401 silly addNameTag next cb for hubot-diagnostics with tag latest
402 silly addNamed hubot-diagnostics@0.0.1
403 verbose addNamed "0.0.1" is a plain semver version for hubot-diagnostics
404 silly mapToRegistry name hubot-google-translate
405 silly mapToRegistry using default registry
406 silly mapToRegistry registry https://registry.npmjs.org/
407 silly mapToRegistry data Result {
407 silly mapToRegistry   raw: 'hubot-google-translate',
407 silly mapToRegistry   scope: null,
407 silly mapToRegistry   name: 'hubot-google-translate',
407 silly mapToRegistry   rawSpec: '',
407 silly mapToRegistry   spec: 'latest',
407 silly mapToRegistry   type: 'tag' }
408 silly mapToRegistry uri https://registry.npmjs.org/hubot-google-translate
409 verbose addRemoteTarball https://registry.npmjs.org/hubot-google-translate/-/hubot-google-translate-0.2.0.tgz not in flight; adding
410 verbose addRemoteTarball [ 'https://registry.npmjs.org/hubot-google-translate/-/hubot-google-translate-0.2.0.tgz',
410 verbose addRemoteTarball   '1b11e7d5e154f457bbead93dd3bd73f959284e7e' ]
411 silly mapToRegistry name hubot-scripts
412 silly mapToRegistry using default registry
413 silly mapToRegistry registry https://registry.npmjs.org/
414 silly mapToRegistry data Result {
414 silly mapToRegistry   raw: 'hubot-scripts',
414 silly mapToRegistry   scope: null,
414 silly mapToRegistry   name: 'hubot-scripts',
414 silly mapToRegistry   rawSpec: '',
414 silly mapToRegistry   spec: 'latest',
414 silly mapToRegistry   type: 'tag' }
415 silly mapToRegistry uri https://registry.npmjs.org/hubot-scripts
416 verbose addRemoteTarball https://registry.npmjs.org/hubot-scripts/-/hubot-scripts-2.17.2.tgz not in flight; adding
417 verbose addRemoteTarball [ 'https://registry.npmjs.org/hubot-scripts/-/hubot-scripts-2.17.2.tgz',
417 verbose addRemoteTarball   '9b08e907d5cfaba72d783204067a78ce9df3ae24' ]
418 verbose get https://registry.npmjs.org/hubot-pugme not expired, no request
419 silly addNameTag next cb for hubot-pugme with tag latest
420 silly addNamed hubot-pugme@0.1.0
421 verbose addNamed "0.1.0" is a plain semver version for hubot-pugme
422 silly mapToRegistry name hubot-google-images
423 silly mapToRegistry using default registry
424 silly mapToRegistry registry https://registry.npmjs.org/
425 silly mapToRegistry data Result {
425 silly mapToRegistry   raw: 'hubot-google-images',
425 silly mapToRegistry   scope: null,
425 silly mapToRegistry   name: 'hubot-google-images',
425 silly mapToRegistry   rawSpec: '',
425 silly mapToRegistry   spec: 'latest',
425 silly mapToRegistry   type: 'tag' }
426 silly mapToRegistry uri https://registry.npmjs.org/hubot-google-images
427 verbose addRemoteTarball https://registry.npmjs.org/hubot-google-images/-/hubot-google-images-0.2.6.tgz not in flight; adding
428 verbose addRemoteTarball [ 'https://registry.npmjs.org/hubot-google-images/-/hubot-google-images-0.2.6.tgz',
428 verbose addRemoteTarball   'dd9f7032b8242e295c432ddbe91e438a3c7cab54' ]
429 verbose get https://registry.npmjs.org/hubot-heroku-keepalive not expired, no request
430 silly addNameTag next cb for hubot-heroku-keepalive with tag latest
431 silly addNamed hubot-heroku-keepalive@1.0.2
432 verbose addNamed "1.0.2" is a plain semver version for hubot-heroku-keepalive
433 verbose get https://registry.npmjs.org/hubot-rules not expired, no request
434 silly addNameTag next cb for hubot-rules with tag latest
435 silly addNamed hubot-rules@0.1.1
436 verbose addNamed "0.1.1" is a plain semver version for hubot-rules
437 silly mapToRegistry name hubot-help
438 silly mapToRegistry using default registry
439 silly mapToRegistry registry https://registry.npmjs.org/
440 silly mapToRegistry data Result {
440 silly mapToRegistry   raw: 'hubot-help',
440 silly mapToRegistry   scope: null,
440 silly mapToRegistry   name: 'hubot-help',
440 silly mapToRegistry   rawSpec: '',
440 silly mapToRegistry   spec: 'latest',
440 silly mapToRegistry   type: 'tag' }
441 silly mapToRegistry uri https://registry.npmjs.org/hubot-help
442 verbose addRemoteTarball https://registry.npmjs.org/hubot-help/-/hubot-help-0.2.0.tgz not in flight; adding
443 verbose addRemoteTarball [ 'https://registry.npmjs.org/hubot-help/-/hubot-help-0.2.0.tgz',
443 verbose addRemoteTarball   '375b0fd7a1eafb2a71cf2e548bcb226bf7e66642' ]
444 silly mapToRegistry name hubot-redis-brain
445 silly mapToRegistry using default registry
446 silly mapToRegistry registry https://registry.npmjs.org/
447 silly mapToRegistry data Result {
447 silly mapToRegistry   raw: 'hubot-redis-brain',
447 silly mapToRegistry   scope: null,
447 silly mapToRegistry   name: 'hubot-redis-brain',
447 silly mapToRegistry   rawSpec: '',
447 silly mapToRegistry   spec: 'latest',
447 silly mapToRegistry   type: 'tag' }
448 silly mapToRegistry uri https://registry.npmjs.org/hubot-redis-brain
449 verbose addRemoteTarball https://registry.npmjs.org/hubot-redis-brain/-/hubot-redis-brain-0.0.3.tgz not in flight; adding
450 verbose addRemoteTarball [ 'https://registry.npmjs.org/hubot-redis-brain/-/hubot-redis-brain-0.0.3.tgz',
450 verbose addRemoteTarball   'e2f1ae7f88ad6449b452f5e66c5839295b05f644' ]
451 silly mapToRegistry name hubot-shipit
452 silly mapToRegistry using default registry
453 silly mapToRegistry registry https://registry.npmjs.org/
454 silly mapToRegistry data Result {
454 silly mapToRegistry   raw: 'hubot-shipit',
454 silly mapToRegistry   scope: null,
454 silly mapToRegistry   name: 'hubot-shipit',
454 silly mapToRegistry   rawSpec: '',
454 silly mapToRegistry   spec: 'latest',
454 silly mapToRegistry   type: 'tag' }
455 silly mapToRegistry uri https://registry.npmjs.org/hubot-shipit
456 verbose addRemoteTarball https://registry.npmjs.org/hubot-shipit/-/hubot-shipit-0.2.0.tgz not in flight; adding
457 verbose addRemoteTarball [ 'https://registry.npmjs.org/hubot-shipit/-/hubot-shipit-0.2.0.tgz',
457 verbose addRemoteTarball   '1957c7757cccce64a7c51f7eed4b4bd54e4a52ae' ]
458 silly mapToRegistry name hubot-maps
459 silly mapToRegistry using default registry
460 silly mapToRegistry registry https://registry.npmjs.org/
461 silly mapToRegistry data Result {
461 silly mapToRegistry   raw: 'hubot-maps',
461 silly mapToRegistry   scope: null,
461 silly mapToRegistry   name: 'hubot-maps',
461 silly mapToRegistry   rawSpec: '',
461 silly mapToRegistry   spec: 'latest',
461 silly mapToRegistry   type: 'tag' }
462 silly mapToRegistry uri https://registry.npmjs.org/hubot-maps
463 verbose addRemoteTarball https://registry.npmjs.org/hubot-maps/-/hubot-maps-0.0.2.tgz not in flight; adding
464 verbose addRemoteTarball [ 'https://registry.npmjs.org/hubot-maps/-/hubot-maps-0.0.2.tgz',
464 verbose addRemoteTarball   'e2719b01061e5fda33631c79fadb6b857d1f9e36' ]
465 silly mapToRegistry name hubot-diagnostics
466 silly mapToRegistry using default registry
467 silly mapToRegistry registry https://registry.npmjs.org/
468 silly mapToRegistry data Result {
468 silly mapToRegistry   raw: 'hubot-diagnostics',
468 silly mapToRegistry   scope: null,
468 silly mapToRegistry   name: 'hubot-diagnostics',
468 silly mapToRegistry   rawSpec: '',
468 silly mapToRegistry   spec: 'latest',
468 silly mapToRegistry   type: 'tag' }
469 silly mapToRegistry uri https://registry.npmjs.org/hubot-diagnostics
470 verbose addRemoteTarball https://registry.npmjs.org/hubot-diagnostics/-/hubot-diagnostics-0.0.1.tgz not in flight; adding
471 verbose addRemoteTarball [ 'https://registry.npmjs.org/hubot-diagnostics/-/hubot-diagnostics-0.0.1.tgz',
471 verbose addRemoteTarball   '69aea01ae4dbdcf0512120c4e33e965ade55262c' ]
472 silly mapToRegistry name hubot-pugme
473 silly mapToRegistry using default registry
474 silly mapToRegistry registry https://registry.npmjs.org/
475 silly mapToRegistry data Result {
475 silly mapToRegistry   raw: 'hubot-pugme',
475 silly mapToRegistry   scope: null,
475 silly mapToRegistry   name: 'hubot-pugme',
475 silly mapToRegistry   rawSpec: '',
475 silly mapToRegistry   spec: 'latest',
475 silly mapToRegistry   type: 'tag' }
476 silly mapToRegistry uri https://registry.npmjs.org/hubot-pugme
477 verbose addRemoteTarball https://registry.npmjs.org/hubot-pugme/-/hubot-pugme-0.1.0.tgz not in flight; adding
478 verbose addRemoteTarball [ 'https://registry.npmjs.org/hubot-pugme/-/hubot-pugme-0.1.0.tgz',
478 verbose addRemoteTarball   'd6cfad37377bf1848db6437ff94fe1a4ea6cb1dc' ]
479 silly mapToRegistry name hubot-heroku-keepalive
480 silly mapToRegistry using default registry
481 silly mapToRegistry registry https://registry.npmjs.org/
482 silly mapToRegistry data Result {
482 silly mapToRegistry   raw: 'hubot-heroku-keepalive',
482 silly mapToRegistry   scope: null,
482 silly mapToRegistry   name: 'hubot-heroku-keepalive',
482 silly mapToRegistry   rawSpec: '',
482 silly mapToRegistry   spec: 'latest',
482 silly mapToRegistry   type: 'tag' }
483 silly mapToRegistry uri https://registry.npmjs.org/hubot-heroku-keepalive
484 verbose addRemoteTarball https://registry.npmjs.org/hubot-heroku-keepalive/-/hubot-heroku-keepalive-1.0.2.tgz not in flight; adding
485 verbose addRemoteTarball [ 'https://registry.npmjs.org/hubot-heroku-keepalive/-/hubot-heroku-keepalive-1.0.2.tgz',
485 verbose addRemoteTarball   '613e117b854ec37695282a7e368bea2b52e0ec42' ]
486 silly mapToRegistry name hubot-rules
487 silly mapToRegistry using default registry
488 silly mapToRegistry registry https://registry.npmjs.org/
489 silly mapToRegistry data Result {
489 silly mapToRegistry   raw: 'hubot-rules',
489 silly mapToRegistry   scope: null,
489 silly mapToRegistry   name: 'hubot-rules',
489 silly mapToRegistry   rawSpec: '',
489 silly mapToRegistry   spec: 'latest',
489 silly mapToRegistry   type: 'tag' }
490 silly mapToRegistry uri https://registry.npmjs.org/hubot-rules
491 verbose addRemoteTarball https://registry.npmjs.org/hubot-rules/-/hubot-rules-0.1.1.tgz not in flight; adding
492 verbose addRemoteTarball [ 'https://registry.npmjs.org/hubot-rules/-/hubot-rules-0.1.1.tgz',
492 verbose addRemoteTarball   'dd6f178f116b01a9060b24c53324d32aff1bffa4' ]
493 info retry fetch attempt 1 at 5:21:52 PM
494 info attempt registry request try #1 at 5:21:52 PM
495 http fetch GET https://registry.npmjs.org/hubot-pugme/-/hubot-pugme-0.1.0.tgz
496 info retry fetch attempt 1 at 5:21:52 PM
497 info attempt registry request try #1 at 5:21:52 PM
498 http fetch GET https://registry.npmjs.org/hubot-scripts/-/hubot-scripts-2.17.2.tgz
499 info retry fetch attempt 1 at 5:21:52 PM
500 info attempt registry request try #1 at 5:21:52 PM
501 http fetch GET https://registry.npmjs.org/hubot-heroku-keepalive/-/hubot-heroku-keepalive-1.0.2.tgz
502 info retry fetch attempt 1 at 5:21:52 PM
503 info attempt registry request try #1 at 5:21:52 PM
504 http fetch GET https://registry.npmjs.org/hubot-google-images/-/hubot-google-images-0.2.6.tgz
505 info retry fetch attempt 1 at 5:21:52 PM
506 info attempt registry request try #1 at 5:21:52 PM
507 http fetch GET https://registry.npmjs.org/hubot-google-translate/-/hubot-google-translate-0.2.0.tgz
508 info retry fetch attempt 1 at 5:21:52 PM
509 info attempt registry request try #1 at 5:21:52 PM
510 http fetch GET https://registry.npmjs.org/hubot-help/-/hubot-help-0.2.0.tgz
511 info retry fetch attempt 1 at 5:21:52 PM
512 info attempt registry request try #1 at 5:21:52 PM
513 http fetch GET https://registry.npmjs.org/hubot-rules/-/hubot-rules-0.1.1.tgz
514 info retry fetch attempt 1 at 5:21:52 PM
515 info attempt registry request try #1 at 5:21:52 PM
516 http fetch GET https://registry.npmjs.org/hubot-shipit/-/hubot-shipit-0.2.0.tgz
517 info retry fetch attempt 1 at 5:21:52 PM
518 info attempt registry request try #1 at 5:21:52 PM
519 http fetch GET https://registry.npmjs.org/hubot-redis-brain/-/hubot-redis-brain-0.0.3.tgz
520 info retry fetch attempt 1 at 5:21:52 PM
521 info attempt registry request try #1 at 5:21:52 PM
522 http fetch GET https://registry.npmjs.org/hubot-maps/-/hubot-maps-0.0.2.tgz
523 info retry fetch attempt 1 at 5:21:52 PM
524 info attempt registry request try #1 at 5:21:52 PM
525 http fetch GET https://registry.npmjs.org/hubot-diagnostics/-/hubot-diagnostics-0.0.1.tgz
526 silly cache afterAdd hubot@2.19.0
527 verbose afterAdd /mnt/c/Users/t-behawk/.npm/hubot/2.19.0/package/package.json not in flight; writing
528 verbose correctMkdir /mnt/c/Users/t-behawk/.npm correctMkdir not in flight; initializing
529 verbose afterAdd /mnt/c/Users/t-behawk/.npm/hubot/2.19.0/package/package.json written
530 http fetch 200 https://registry.npmjs.org/hubot-pugme/-/hubot-pugme-0.1.0.tgz
531 http fetch 200 https://registry.npmjs.org/hubot-shipit/-/hubot-shipit-0.2.0.tgz
532 http fetch 200 https://registry.npmjs.org/hubot-scripts/-/hubot-scripts-2.17.2.tgz
533 http fetch 200 https://registry.npmjs.org/hubot-google-translate/-/hubot-google-translate-0.2.0.tgz
534 http fetch 200 https://registry.npmjs.org/hubot-diagnostics/-/hubot-diagnostics-0.0.1.tgz
535 http fetch 200 https://registry.npmjs.org/hubot-heroku-keepalive/-/hubot-heroku-keepalive-1.0.2.tgz
536 http fetch 200 https://registry.npmjs.org/hubot-google-images/-/hubot-google-images-0.2.6.tgz
537 http fetch 200 https://registry.npmjs.org/hubot-help/-/hubot-help-0.2.0.tgz
538 http fetch 200 https://registry.npmjs.org/hubot-redis-brain/-/hubot-redis-brain-0.0.3.tgz
539 http fetch 200 https://registry.npmjs.org/hubot-maps/-/hubot-maps-0.0.2.tgz
540 http fetch 200 https://registry.npmjs.org/hubot-rules/-/hubot-rules-0.1.1.tgz
541 silly fetchAndShaCheck shasum d6cfad37377bf1848db6437ff94fe1a4ea6cb1dc
542 silly fetchAndShaCheck shasum 1957c7757cccce64a7c51f7eed4b4bd54e4a52ae
543 silly fetchAndShaCheck shasum dd9f7032b8242e295c432ddbe91e438a3c7cab54
544 silly fetchAndShaCheck shasum 1b11e7d5e154f457bbead93dd3bd73f959284e7e
545 silly fetchAndShaCheck shasum 69aea01ae4dbdcf0512120c4e33e965ade55262c
546 silly fetchAndShaCheck shasum 613e117b854ec37695282a7e368bea2b52e0ec42
547 silly fetchAndShaCheck shasum e2719b01061e5fda33631c79fadb6b857d1f9e36
548 silly fetchAndShaCheck shasum e2f1ae7f88ad6449b452f5e66c5839295b05f644
549 silly fetchAndShaCheck shasum 375b0fd7a1eafb2a71cf2e548bcb226bf7e66642
550 silly fetchAndShaCheck shasum dd6f178f116b01a9060b24c53324d32aff1bffa4
551 verbose addTmpTarball /tmp/npm-6222-6789fc3d/registry.npmjs.org/hubot-pugme/-/hubot-pugme-0.1.0.tgz not in flight; adding
552 verbose addTmpTarball already have metadata; skipping unpack for hubot-pugme@0.1.0
553 verbose correctMkdir /mnt/c/Users/t-behawk/.npm correctMkdir not in flight; initializing
554 verbose addTmpTarball /tmp/npm-6222-6789fc3d/registry.npmjs.org/hubot-shipit/-/hubot-shipit-0.2.0.tgz not in flight; adding
555 verbose addTmpTarball already have metadata; skipping unpack for hubot-shipit@0.2.0
556 verbose correctMkdir /mnt/c/Users/t-behawk/.npm correctMkdir not in flight; initializing
557 verbose addTmpTarball /tmp/npm-6222-6789fc3d/registry.npmjs.org/hubot-google-images/-/hubot-google-images-0.2.6.tgz not in flight; adding
558 verbose addTmpTarball already have metadata; skipping unpack for hubot-google-images@0.2.6
559 verbose correctMkdir /mnt/c/Users/t-behawk/.npm correctMkdir not in flight; initializing
560 verbose addTmpTarball /tmp/npm-6222-6789fc3d/registry.npmjs.org/hubot-google-translate/-/hubot-google-translate-0.2.0.tgz not in flight; adding
561 verbose addTmpTarball already have metadata; skipping unpack for hubot-google-translate@0.2.0
562 verbose correctMkdir /mnt/c/Users/t-behawk/.npm correctMkdir not in flight; initializing
563 verbose addTmpTarball /tmp/npm-6222-6789fc3d/registry.npmjs.org/hubot-diagnostics/-/hubot-diagnostics-0.0.1.tgz not in flight; adding
564 verbose addTmpTarball already have metadata; skipping unpack for hubot-diagnostics@0.0.1
565 verbose correctMkdir /mnt/c/Users/t-behawk/.npm correctMkdir not in flight; initializing
566 verbose addTmpTarball /tmp/npm-6222-6789fc3d/registry.npmjs.org/hubot-heroku-keepalive/-/hubot-heroku-keepalive-1.0.2.tgz not in flight; adding
567 verbose addTmpTarball already have metadata; skipping unpack for hubot-heroku-keepalive@1.0.2
568 verbose correctMkdir /mnt/c/Users/t-behawk/.npm correctMkdir not in flight; initializing
569 verbose addTmpTarball /tmp/npm-6222-6789fc3d/registry.npmjs.org/hubot-maps/-/hubot-maps-0.0.2.tgz not in flight; adding
570 verbose addTmpTarball already have metadata; skipping unpack for hubot-maps@0.0.2
571 verbose correctMkdir /mnt/c/Users/t-behawk/.npm correctMkdir not in flight; initializing
572 verbose addTmpTarball /tmp/npm-6222-6789fc3d/registry.npmjs.org/hubot-redis-brain/-/hubot-redis-brain-0.0.3.tgz not in flight; adding
573 verbose addTmpTarball already have metadata; skipping unpack for hubot-redis-brain@0.0.3
574 verbose correctMkdir /mnt/c/Users/t-behawk/.npm correctMkdir not in flight; initializing
575 verbose addTmpTarball /tmp/npm-6222-6789fc3d/registry.npmjs.org/hubot-help/-/hubot-help-0.2.0.tgz not in flight; adding
576 verbose addTmpTarball already have metadata; skipping unpack for hubot-help@0.2.0
577 verbose correctMkdir /mnt/c/Users/t-behawk/.npm correctMkdir not in flight; initializing
578 verbose addTmpTarball /tmp/npm-6222-6789fc3d/registry.npmjs.org/hubot-rules/-/hubot-rules-0.1.1.tgz not in flight; adding
579 verbose addTmpTarball already have metadata; skipping unpack for hubot-rules@0.1.1
580 verbose correctMkdir /mnt/c/Users/t-behawk/.npm correctMkdir not in flight; initializing
581 silly cache afterAdd hubot-google-translate@0.2.0
582 verbose afterAdd /mnt/c/Users/t-behawk/.npm/hubot-google-translate/0.2.0/package/package.json not in flight; writing
583 verbose correctMkdir /mnt/c/Users/t-behawk/.npm correctMkdir not in flight; initializing
584 silly cache afterAdd hubot-heroku-keepalive@1.0.2
585 verbose afterAdd /mnt/c/Users/t-behawk/.npm/hubot-heroku-keepalive/1.0.2/package/package.json not in flight; writing
586 verbose correctMkdir /mnt/c/Users/t-behawk/.npm correctMkdir not in flight; initializing
587 silly cache afterAdd hubot-maps@0.0.2
588 verbose afterAdd /mnt/c/Users/t-behawk/.npm/hubot-maps/0.0.2/package/package.json not in flight; writing
589 verbose correctMkdir /mnt/c/Users/t-behawk/.npm correctMkdir not in flight; initializing
590 silly cache afterAdd hubot-redis-brain@0.0.3
591 verbose afterAdd /mnt/c/Users/t-behawk/.npm/hubot-redis-brain/0.0.3/package/package.json not in flight; writing
592 verbose correctMkdir /mnt/c/Users/t-behawk/.npm correctMkdir not in flight; initializing
593 silly cache afterAdd hubot-shipit@0.2.0
594 verbose afterAdd /mnt/c/Users/t-behawk/.npm/hubot-shipit/0.2.0/package/package.json not in flight; writing
595 verbose correctMkdir /mnt/c/Users/t-behawk/.npm correctMkdir not in flight; initializing
596 silly cache afterAdd hubot-google-images@0.2.6
597 verbose afterAdd /mnt/c/Users/t-behawk/.npm/hubot-google-images/0.2.6/package/package.json not in flight; writing
598 verbose correctMkdir /mnt/c/Users/t-behawk/.npm correctMkdir not in flight; initializing
599 silly cache afterAdd hubot-pugme@0.1.0
600 verbose afterAdd /mnt/c/Users/t-behawk/.npm/hubot-pugme/0.1.0/package/package.json not in flight; writing
601 verbose correctMkdir /mnt/c/Users/t-behawk/.npm correctMkdir not in flight; initializing
602 silly cache afterAdd hubot-diagnostics@0.0.1
603 verbose afterAdd /mnt/c/Users/t-behawk/.npm/hubot-diagnostics/0.0.1/package/package.json not in flight; writing
604 verbose correctMkdir /mnt/c/Users/t-behawk/.npm correctMkdir not in flight; initializing
605 silly cache afterAdd hubot-help@0.2.0
606 verbose afterAdd /mnt/c/Users/t-behawk/.npm/hubot-help/0.2.0/package/package.json not in flight; writing
607 verbose correctMkdir /mnt/c/Users/t-behawk/.npm correctMkdir not in flight; initializing
608 silly cache afterAdd hubot-rules@0.1.1
609 verbose afterAdd /mnt/c/Users/t-behawk/.npm/hubot-rules/0.1.1/package/package.json not in flight; writing
610 verbose correctMkdir /mnt/c/Users/t-behawk/.npm correctMkdir not in flight; initializing
611 verbose afterAdd /mnt/c/Users/t-behawk/.npm/hubot-google-translate/0.2.0/package/package.json written
612 verbose afterAdd /mnt/c/Users/t-behawk/.npm/hubot-heroku-keepalive/1.0.2/package/package.json written
613 verbose afterAdd /mnt/c/Users/t-behawk/.npm/hubot-redis-brain/0.0.3/package/package.json written
614 verbose afterAdd /mnt/c/Users/t-behawk/.npm/hubot-maps/0.0.2/package/package.json written
615 verbose afterAdd /mnt/c/Users/t-behawk/.npm/hubot-shipit/0.2.0/package/package.json written
616 verbose afterAdd /mnt/c/Users/t-behawk/.npm/hubot-google-images/0.2.6/package/package.json written
617 verbose afterAdd /mnt/c/Users/t-behawk/.npm/hubot-pugme/0.1.0/package/package.json written
618 verbose afterAdd /mnt/c/Users/t-behawk/.npm/hubot-help/0.2.0/package/package.json written
619 verbose afterAdd /mnt/c/Users/t-behawk/.npm/hubot-diagnostics/0.0.1/package/package.json written
620 verbose afterAdd /mnt/c/Users/t-behawk/.npm/hubot-rules/0.1.1/package/package.json written
621 silly fetchAndShaCheck shasum 9b08e907d5cfaba72d783204067a78ce9df3ae24
622 silly rollbackFailedOptional Starting
623 silly rollbackFailedOptional Finishing
624 silly runTopLevelLifecycles Starting
625 silly runTopLevelLifecycles Finishing
626 silly install printInstalled
627 verbose stack Error: shasum check failed for /tmp/npm-6222-6789fc3d/registry.npmjs.org/hubot-scripts/-/hubot-scripts-2.17.2.tgz
627 verbose stack Expected: 9b08e907d5cfaba72d783204067a78ce9df3ae24
627 verbose stack Actual:   0d6ce69d5ace6d7dd0922cd9cdb481ce65a9c798
627 verbose stack From:     https://registry.npmjs.org/hubot-scripts/-/hubot-scripts-2.17.2.tgz
627 verbose stack     at /usr/local/lib/node_modules/npm/node_modules/sha/index.js:25:8
627 verbose stack     at ReadStream.<anonymous> (/usr/local/lib/node_modules/npm/node_modules/sha/index.js:72:7)
627 verbose stack     at emitNone (events.js:72:20)
627 verbose stack     at ReadStream.emit (events.js:166:7)
627 verbose stack     at endReadableNT (_stream_readable.js:913:12)
627 verbose stack     at nextTickCallbackWith2Args (node.js:442:9)
627 verbose stack     at process._tickCallback (node.js:356:17)
628 verbose cwd /mnt/c/Users/t-behawk/Documents/bb-8
629 error Linux 3.4.0+
630 error argv "/usr/bin/nodejs" "/usr/local/bin/npm" "install" "hubot" "hubot-scripts" "hubot-diagnostics" "hubot-help" "hubot-heroku-keepalive" "hubot-google-images" "hubot-google-translate" "hubot-pugme" "hubot-maps" "hubot-redis-brain" "hubot-rules" "hubot-shipit" "--save"
631 error node v4.4.4
632 error npm  v3.9.2
633 error shasum check failed for /tmp/npm-6222-6789fc3d/registry.npmjs.org/hubot-scripts/-/hubot-scripts-2.17.2.tgz
633 error Expected: 9b08e907d5cfaba72d783204067a78ce9df3ae24
633 error Actual:   0d6ce69d5ace6d7dd0922cd9cdb481ce65a9c798
633 error From:     https://registry.npmjs.org/hubot-scripts/-/hubot-scripts-2.17.2.tgz
634 error If you need help, you may report this error at:
634 error     <https://github.com/npm/npm/issues>
635 verbose exit [ 1, true ]
